<?xml version="1.0" encoding="UTF-8"?>
<testng-results skipped="0" failed="0" ignored="0" total="2" passed="2">
  <reporter-output>
  </reporter-output>
  <suite name="Suite" duration-ms="49424" started-at="2023-06-19T12:54:06 IST" finished-at="2023-06-19T12:54:56 IST">
    <groups>
    </groups>
    <test name="On firefox" duration-ms="26386" started-at="2023-06-19T12:54:06 IST" finished-at="2023-06-19T12:54:33 IST">
      <class name="com.ebanking.master.SelGrid">
        <test-method status="PASS" signature="Grid(java.lang.String)[pri:0, instance:com.ebanking.master.SelGrid@3b088d51]" name="Grid" duration-ms="26339" started-at="2023-06-19T12:54:06 IST" finished-at="2023-06-19T12:54:33 IST">
          <params>
            <param index="0">
              <value>
                <![CDATA[firefox]]>
              </value>
            </param>
          </params>
          <reporter-output>
          </reporter-output>
        </test-method> <!-- Grid -->
      </class> <!-- com.ebanking.master.SelGrid -->
    </test> <!-- On firefox -->
    <test name="On chrome" duration-ms="23007" started-at="2023-06-19T12:54:33 IST" finished-at="2023-06-19T12:54:56 IST">
      <class name="com.ebanking.master.SelGrid">
        <test-method status="PASS" signature="Grid(java.lang.String)[pri:0, instance:com.ebanking.master.SelGrid@6b57696f]" name="Grid" duration-ms="22982" started-at="2023-06-19T12:54:33 IST" finished-at="2023-06-19T12:54:56 IST">
          <params>
            <param index="0">
              <value>
                <![CDATA[chrome]]>
              </value>
            </param>
          </params>
          <reporter-output>
          </reporter-output>
        </test-method> <!-- Grid -->
      </class> <!-- com.ebanking.master.SelGrid -->
    </test> <!-- On chrome -->
  </suite> <!-- Suite -->
</testng-results>
